Nested Loop  (cost=3219.10..3315.82 rows=33 width=53) (actual time=23.976..23.980 rows=0 loops=1)
  ->  HashAggregate  (cost=3218.68..3220.35 rows=167 width=18) (actual time=23.975..23.979 rows=0 loops=1)
        Group Key: alumno.dni
        Batches: 1  Memory Usage: 40kB
        ->  Hash Semi Join  (cost=2165.66..3218.27 rows=167 width=18) (actual time=23.971..23.975 rows=0 loops=1)
              Hash Cond: (alumno.dni = matricula.alumno_dni)
              ->  Hash Semi Join  (cost=1115.66..2163.18 rows=833 width=9) (actual time=5.674..5.677 rows=0 loops=1)
                    Hash Cond: (alumno.apoderado_dni = apoderado.dni)
                    ->  Seq Scan on alumno  (cost=0.00..907.00 rows=50000 width=18) (actual time=0.014..0.014 rows=1 loops=1)
                    ->  Hash  (cost=1107.34..1107.34 rows=666 width=18) (actual time=5.651..5.653 rows=0 loops=1)
                          Buckets: 1024  Batches: 1  Memory Usage: 8kB
                          ->  Hash Join  (cost=347.32..1107.34 rows=666 width=18) (actual time=5.650..5.652 rows=0 loops=1)
                                Hash Cond: (apoderado.dni = colaborador.dni)
                                ->  Seq Scan on apoderado  (cost=0.00..655.00 rows=40000 width=9) (actual time=0.003..1.980 rows=40000 loops=1)
                                ->  Hash  (cost=339.00..339.00 rows=666 width=9) (actual time=1.066..1.067 rows=174 loops=1)
                                      Buckets: 1024  Batches: 1  Memory Usage: 15kB
                                      ->  Seq Scan on colaborador  (cost=0.00..339.00 rows=666 width=9) (actual time=0.007..1.040 rows=174 loops=1)
                                            Filter: (esta_activo AND (horas_semanales_trabajo > 48) AND (((sueldo_hora * (horas_semanales_trabajo)::double precision) * '4'::double precision) < '2000'::double precision))
                                            Rows Removed by Filter: 9826
              ->  Hash  (cost=925.00..925.00 rows=10000 width=9) (actual time=18.284..18.284 rows=29006 loops=1)
                    Buckets: 32768 (originally 16384)  Batches: 1 (originally 1)  Memory Usage: 1418kB
                    ->  Seq Scan on matricula  (cost=0.00..925.00 rows=10000 width=9) (actual time=0.008..13.336 rows=29006 loops=1)
                          Filter: ((year)::numeric <= (EXTRACT(year FROM CURRENT_DATE) - '2'::numeric))
                          Rows Removed by Filter: 994
  ->  Index Scan using persona_pkey on persona  (cost=0.42..0.57 rows=1 width=62) (never executed)
        Index Cond: (dni = alumno.dni)
        Filter: (nacimiento_fecha > (CURRENT_DATE - '18 years'::interval))
Planning Time: 1.126 ms
Execution Time: 24.037 ms
