Nested Loop  (cost=323.69..331.53 rows=4 width=52) (actual time=2.845..2.848 rows=0 loops=1)
  ->  HashAggregate  (cost=323.41..323.59 rows=18 width=18) (actual time=2.844..2.847 rows=0 loops=1)
        Group Key: alumno.dni
        Batches: 1  Memory Usage: 24kB
        ->  Hash Semi Join  (cost=217.76..323.36 rows=18 width=18) (actual time=2.842..2.844 rows=0 loops=1)
              Hash Cond: (alumno.dni = matricula.alumno_dni)
              ->  Hash Semi Join  (cost=112.76..217.87 rows=88 width=9) (actual time=0.884..0.886 rows=0 loops=1)
                    Hash Cond: (alumno.apoderado_dni = apoderado.dni)
                    ->  Seq Scan on alumno  (cost=0.00..91.00 rows=5000 width=18) (actual time=0.006..0.006 rows=1 loops=1)
                    ->  Hash  (cost=111.89..111.89 rows=70 width=18) (actual time=0.871..0.873 rows=0 loops=1)
                          Buckets: 1024  Batches: 1  Memory Usage: 8kB
                          ->  Hash Join  (cost=35.38..111.89 rows=70 width=18) (actual time=0.871..0.872 rows=0 loops=1)
                                Hash Cond: (apoderado.dni = colaborador.dni)
                                ->  Seq Scan on apoderado  (cost=0.00..66.00 rows=4000 width=9) (actual time=0.004..0.327 rows=4000 loops=1)
                                ->  Hash  (cost=34.50..34.50 rows=70 width=9) (actual time=0.142..0.143 rows=25 loops=1)
                                      Buckets: 1024  Batches: 1  Memory Usage: 10kB
                                      ->  Seq Scan on colaborador  (cost=0.00..34.50 rows=70 width=9) (actual time=0.008..0.136 rows=25 loops=1)
                                            Filter: (esta_activo AND (horas_semanales_trabajo > 48) AND (((sueldo_hora * (horas_semanales_trabajo)::double precision) * '4'::double precision) < '2000'::double precision))
                                            Rows Removed by Filter: 975
              ->  Hash  (cost=92.50..92.50 rows=1000 width=9) (actual time=1.951..1.952 rows=2904 loops=1)
                    Buckets: 4096 (originally 1024)  Batches: 1 (originally 1)  Memory Usage: 149kB
                    ->  Seq Scan on matricula  (cost=0.00..92.50 rows=1000 width=9) (actual time=0.027..1.366 rows=2904 loops=1)
                          Filter: ((year)::numeric <= (EXTRACT(year FROM CURRENT_DATE) - '2'::numeric))
                          Rows Removed by Filter: 96
  ->  Index Scan using persona_pkey on persona  (cost=0.29..0.44 rows=1 width=61) (never executed)
        Index Cond: (dni = alumno.dni)
        Filter: (nacimiento_fecha > (CURRENT_DATE - '18 years'::interval))
Planning Time: 1.543 ms
Execution Time: 2.979 ms
