Nested Loop  (cost=40000010990.28..40000011816.45 rows=201 width=52) (actual time=302.062..302.065 rows=0 loops=1)
  Join Filter: (persona.dni = alumno.dni)
  ->  HashAggregate  (cost=30000010990.28..30000010990.46 rows=18 width=18) (actual time=302.061..302.064 rows=0 loops=1)
        Group Key: alumno.dni
        Batches: 1  Memory Usage: 24kB
        ->  Nested Loop  (cost=30000000095.00..30000010990.24 rows=18 width=18) (actual time=302.060..302.062 rows=0 loops=1)
              Join Filter: (alumno.dni = matricula.alumno_dni)
              ->  HashAggregate  (cost=95.00..104.43 rows=943 width=9) (actual time=292.968..293.139 rows=2222 loops=1)
                    Group Key: matricula.alumno_dni
                    Batches: 1  Memory Usage: 241kB
                    ->  Seq Scan on matricula  (cost=0.00..92.50 rows=1000 width=9) (actual time=291.896..292.471 rows=2904 loops=1)
                          Filter: ((year)::numeric <= (EXTRACT(year FROM CURRENT_DATE) - '2'::numeric))
                          Rows Removed by Filter: 96
              ->  Materialize  (cost=20000000000.00..20000009641.27 rows=88 width=9) (actual time=0.004..0.004 rows=0 loops=2222)
                    ->  Nested Loop Semi Join  (cost=20000000000.00..20000009640.83 rows=88 width=9) (actual time=8.724..8.725 rows=0 loops=1)
                          Join Filter: (apoderado.dni = alumno.apoderado_dni)
                          ->  Seq Scan on alumno  (cost=0.00..91.00 rows=5000 width=18) (actual time=0.007..0.233 rows=5000 loops=1)
                          ->  Materialize  (cost=10000000000.00..10000004300.00 rows=70 width=18) (actual time=0.002..0.002 rows=0 loops=5000)
                                ->  Nested Loop  (cost=10000000000.00..10000004299.65 rows=70 width=18) (actual time=8.023..8.024 rows=0 loops=1)
                                      Join Filter: (apoderado.dni = colaborador.dni)
                                      Rows Removed by Join Filter: 100000
                                      ->  Seq Scan on apoderado  (cost=0.00..66.00 rows=4000 width=9) (actual time=0.003..0.183 rows=4000 loops=1)
                                      ->  Materialize  (cost=0.00..34.85 rows=70 width=9) (actual time=0.000..0.001 rows=25 loops=4000)
                                            ->  Seq Scan on colaborador  (cost=0.00..34.50 rows=70 width=9) (actual time=0.005..0.044 rows=25 loops=1)
                                                  Filter: (esta_activo AND (horas_semanales_trabajo > 48) AND (((sueldo_hora * (horas_semanales_trabajo)::double precision) * '4'::double precision) < '2000'::double precision))
                                                  Rows Removed by Filter: 975
  ->  Materialize  (cost=0.00..308.06 rows=2012 width=61) (never executed)
        ->  Seq Scan on persona  (cost=0.00..298.00 rows=2012 width=61) (never executed)
              Filter: (nacimiento_fecha > (CURRENT_DATE - '18 years'::interval))
Planning Time: 0.490 ms
JIT:
  Functions: 40
"  Options: Inlining true, Optimization true, Expressions true, Deforming true"
"  Timing: Generation 1.741 ms, Inlining 29.809 ms, Optimization 168.897 ms, Emission 93.167 ms, Total 293.614 ms"
Execution Time: 303.995 ms
