Nested Loop  (cost=23203.19..24173.96 rows=319 width=54) (actual time=123.492..125.516 rows=0 loops=1)
  ->  HashAggregate  (cost=23202.76..23219.23 rows=1647 width=18) (actual time=123.491..125.514 rows=0 loops=1)
        Group Key: alumno.dni
        Batches: 1  Memory Usage: 73kB
        ->  Gather  (cost=16281.92..23198.65 rows=1647 width=18) (actual time=123.449..125.471 rows=0 loops=1)
              Workers Planned: 2
              Workers Launched: 2
              ->  Parallel Hash Semi Join  (cost=15281.92..22033.95 rows=686 width=18) (actual time=116.116..116.121 rows=0 loops=3)
                    Hash Cond: (alumno.dni = matricula.alumno_dni)
                    ->  Parallel Hash Semi Join  (cost=8076.03..14811.42 rows=3432 width=9) (actual time=24.312..24.315 rows=0 loops=3)
                          Hash Cond: (alumno.apoderado_dni = apoderado.dni)
                          ->  Parallel Seq Scan on alumno  (cost=0.00..6150.33 rows=208333 width=18) (never executed)
                          ->  Parallel Hash  (cost=8027.58..8027.58 rows=3876 width=18) (actual time=24.135..24.137 rows=0 loops=3)
                                Buckets: 8192  Batches: 1  Memory Usage: 0kB
                                ->  Parallel Hash Join  (cost=2508.98..8027.58 rows=3876 width=18) (actual time=24.012..24.014 rows=0 loops=3)
                                      Hash Cond: (apoderado.dni = colaborador.dni)
                                      ->  Parallel Seq Scan on apoderado  (cost=0.00..4900.94 rows=235294 width=9) (actual time=0.009..8.585 rows=133333 loops=3)
                                      ->  Parallel Hash  (cost=2460.53..2460.53 rows=3876 width=9) (actual time=4.213..4.214 rows=605 loops=3)
                                            Buckets: 8192  Batches: 1  Memory Usage: 192kB
                                            ->  Parallel Seq Scan on colaborador  (cost=0.00..2460.53 rows=3876 width=9) (actual time=0.020..4.018 rows=605 loops=3)
                                                  Filter: (esta_activo AND (horas_semanales_trabajo > 48) AND (((sueldo_hora * (horas_semanales_trabajo)::double precision) * '4'::double precision) < '2000'::double precision))
                                                  Rows Removed by Filter: 32729
                    ->  Parallel Hash  (cost=6470.59..6470.59 rows=58824 width=9) (actual time=90.599..90.600 rows=96930 loops=3)
                          Buckets: 524288 (originally 131072)  Batches: 1 (originally 1)  Memory Usage: 20864kB
                          ->  Parallel Seq Scan on matricula  (cost=0.00..6470.59 rows=58824 width=9) (actual time=0.022..44.562 rows=96930 loops=3)
                                Filter: ((year)::numeric <= (EXTRACT(year FROM CURRENT_DATE) - '2'::numeric))
                                Rows Removed by Filter: 3070
  ->  Index Scan using persona_pkey on persona  (cost=0.42..0.58 rows=1 width=63) (never executed)
        Index Cond: (dni = alumno.dni)
        Filter: (nacimiento_fecha > (CURRENT_DATE - '18 years'::interval))
Planning Time: 1.274 ms
Execution Time: 125.580 ms
