[
  {
    "QUERY PLAN": [
  {
    "Plan": {
      "Node Type": "Nested Loop",
      "Parallel Aware": false,
      "Async Capable": false,
      "Join Type": "Inner",
      "Startup Cost": 53.05,
      "Total Cost": 53.88,
      "Plan Rows": 1,
      "Plan Width": 600,
      "Actual Startup Time": 0.266,
      "Actual Total Time": 0.268,
      "Actual Rows": 0,
      "Actual Loops": 1,
      "Inner Unique": true,
      "Join Filter": "(director.dni = persona.dni)",
      "Rows Removed by Join Filter": 0,
      "Plans": [
        {
          "Node Type": "Merge Join",
          "Parent Relationship": "Outer",
          "Parallel Aware": false,
          "Async Capable": false,
          "Join Type": "Inner",
          "Startup Cost": 52.78,
          "Total Cost": 52.81,
          "Plan Rows": 1,
          "Plan Width": 591,
          "Actual Startup Time": 0.265,
          "Actual Total Time": 0.267,
          "Actual Rows": 0,
          "Actual Loops": 1,
          "Inner Unique": true,
          "Merge Cond": "(director.sede_id = sede.id)",
          "Plans": [
            {
              "Node Type": "Sort",
              "Parent Relationship": "Outer",
              "Parallel Aware": false,
              "Async Capable": false,
              "Startup Cost": 4.33,
              "Total Cost": 4.33,
              "Plan Rows": 2,
              "Plan Width": 59,
              "Actual Startup Time": 0.054,
              "Actual Total Time": 0.055,
              "Actual Rows": 1,
              "Actual Loops": 1,
              "Sort Key": ["director.sede_id"],
              "Sort Method": "quicksort",
              "Sort Space Used": 25,
              "Sort Space Type": "Memory",
              "Plans": [
                {
                  "Node Type": "Hash Join",
                  "Parent Relationship": "Outer",
                  "Parallel Aware": false,
                  "Async Capable": false,
                  "Join Type": "Inner",
                  "Startup Cost": 1.04,
                  "Total Cost": 4.32,
                  "Plan Rows": 2,
                  "Plan Width": 59,
                  "Actual Startup Time": 0.032,
                  "Actual Total Time": 0.045,
                  "Actual Rows": 2,
                  "Actual Loops": 1,
                  "Inner Unique": true,
                  "Hash Cond": "(colaborador.dni = director.dni)",
                  "Plans": [
                    {
                      "Node Type": "Seq Scan",
                      "Parent Relationship": "Outer",
                      "Parallel Aware": false,
                      "Async Capable": false,
                      "Relation Name": "colaborador",
                      "Alias": "colaborador",
                      "Startup Cost": 0.00,
                      "Total Cost": 3.00,
                      "Plan Rows": 100,
                      "Plan Width": 19,
                      "Actual Startup Time": 0.007,
                      "Actual Total Time": 0.014,
                      "Actual Rows": 100,
                      "Actual Loops": 1
                    },
                    {
                      "Node Type": "Hash",
                      "Parent Relationship": "Inner",
                      "Parallel Aware": false,
                      "Async Capable": false,
                      "Startup Cost": 1.02,
                      "Total Cost": 1.02,
                      "Plan Rows": 2,
                      "Plan Width": 40,
                      "Actual Startup Time": 0.009,
                      "Actual Total Time": 0.010,
                      "Actual Rows": 2,
                      "Actual Loops": 1,
                      "Hash Buckets": 1024,
                      "Original Hash Buckets": 1024,
                      "Hash Batches": 1,
                      "Original Hash Batches": 1,
                      "Peak Memory Usage": 9,
                      "Plans": [
                        {
                          "Node Type": "Seq Scan",
                          "Parent Relationship": "Outer",
                          "Parallel Aware": false,
                          "Async Capable": false,
                          "Relation Name": "director",
                          "Alias": "director",
                          "Startup Cost": 0.00,
                          "Total Cost": 1.02,
                          "Plan Rows": 2,
                          "Plan Width": 40,
                          "Actual Startup Time": 0.004,
                          "Actual Total Time": 0.005,
                          "Actual Rows": 2,
                          "Actual Loops": 1
                        }
                      ]
                    }
                  ]
                }
              ]
            },
            {
              "Node Type": "Sort",
              "Parent Relationship": "Inner",
              "Parallel Aware": false,
              "Async Capable": false,
              "Startup Cost": 48.45,
              "Total Cost": 48.45,
              "Plan Rows": 1,
              "Plan Width": 536,
              "Actual Startup Time": 0.210,
              "Actual Total Time": 0.211,
              "Actual Rows": 0,
              "Actual Loops": 1,
              "Sort Key": ["sede.id"],
              "Sort Method": "quicksort",
              "Sort Space Used": 25,
              "Sort Space Type": "Memory",
              "Plans": [
                {
                  "Node Type": "Seq Scan",
                  "Parent Relationship": "Outer",
                  "Parallel Aware": false,
                  "Async Capable": false,
                  "Relation Name": "sede",
                  "Alias": "sede",
                  "Startup Cost": 0.00,
                  "Total Cost": 48.44,
                  "Plan Rows": 1,
                  "Plan Width": 536,
                  "Actual Startup Time": 0.204,
                  "Actual Total Time": 0.205,
                  "Actual Rows": 0,
                  "Actual Loops": 1,
                  "Filter": "(SubPlan 2)",
                  "Rows Removed by Filter": 2,
                  "Plans": [
                    {
                      "Node Type": "Subquery Scan",
                      "Parent Relationship": "SubPlan",
                      "Subplan Name": "SubPlan 2",
                      "Parallel Aware": false,
                      "Async Capable": false,
                      "Alias": "sedes_filtradas",
                      "Startup Cost": 18.81,
                      "Total Cost": 28.60,
                      "Plan Rows": 1,
                      "Plan Width": 4,
                      "Actual Startup Time": 0.097,
                      "Actual Total Time": 0.098,
                      "Actual Rows": 0,
                      "Actual Loops": 2,
                      "Filter": "((sedes_filtradas.numero_alumnos <= 300) AND (sedes_filtradas.numero_alumnos >= 200))",
                      "Rows Removed by Filter": 1,
                      "Plans": [
                        {
                          "Node Type": "Limit",
                          "Parent Relationship": "Subquery",
                          "Parallel Aware": false,
                          "Async Capable": false,
                          "Startup Cost": 18.81,
                          "Total Cost": 28.59,
                          "Plan Rows": 1,
                          "Plan Width": 24,
                          "Actual Startup Time": 0.096,
                          "Actual Total Time": 0.097,
                          "Actual Rows": 1,
                          "Actual Loops": 2,
                          "Plans": [
                            {
                              "Node Type": "Result",
                              "Parent Relationship": "Outer",
                              "Parallel Aware": false,
                              "Async Capable": false,
                              "Startup Cost": 18.81,
                              "Total Cost": 28.59,
                              "Plan Rows": 1,
                              "Plan Width": 24,
                              "Actual Startup Time": 0.096,
                              "Actual Total Time": 0.097,
                              "Actual Rows": 1,
                              "Actual Loops": 2,
                              "Plans": [
                                {
                                  "Node Type": "Sort",
                                  "Parent Relationship": "Outer",
                                  "Parallel Aware": false,
                                  "Async Capable": false,
                                  "Startup Cost": 18.81,
                                  "Total Cost": 18.81,
                                  "Plan Rows": 1,
                                  "Plan Width": 16,
                                  "Actual Startup Time": 0.029,
                                  "Actual Total Time": 0.029,
                                  "Actual Rows": 1,
                                  "Actual Loops": 2,
                                  "Sort Key": ["(count(salon.nombre_seccion)) DESC", "sede_1.construccion_fecha"],
                                  "Sort Method": "quicksort",
                                  "Sort Space Used": 25,
                                  "Sort Space Type": "Memory",
                                  "Plans": [
                                    {
                                      "Node Type": "Aggregate",
                                      "Strategy": "Hashed",
                                      "Partial Mode": "Simple",
                                      "Parent Relationship": "Outer",
                                      "Parallel Aware": false,
                                      "Async Capable": false,
                                      "Startup Cost": 18.79,
                                      "Total Cost": 18.80,
                                      "Plan Rows": 1,
                                      "Plan Width": 16,
                                      "Actual Startup Time": 0.016,
                                      "Actual Total Time": 0.016,
                                      "Actual Rows": 1,
                                      "Actual Loops": 2,
                                      "Group Key": ["sede_1.id"],
                                      "Planned Partitions": 0,
                                      "HashAgg Batches": 1,
                                      "Peak Memory Usage": 24,
                                      "Disk Usage": 0,
                                      "Plans": [
                                        {
                                          "Node Type": "Hash Join",
                                          "Parent Relationship": "Outer",
                                          "Parallel Aware": false,
                                          "Async Capable": false,
                                          "Join Type": "Right",
                                          "Startup Cost": 1.04,
                                          "Total Cost": 17.51,
                                          "Plan Rows": 255,
                                          "Plan Width": 126,
                                          "Actual Startup Time": 0.017,
                                          "Actual Total Time": 0.023,
                                          "Actual Rows": 19,
                                          "Actual Loops": 1,
                                          "Inner Unique": true,
                                          "Hash Cond": "(salon.sede_id = sede_1.id)",
                                          "Plans": [
                                            {
                                              "Node Type": "Seq Scan",
                                              "Parent Relationship": "Outer",
                                              "Parallel Aware": false,
                                              "Async Capable": false,
                                              "Relation Name": "salon",
                                              "Alias": "salon",
                                              "Startup Cost": 0.00,
                                              "Total Cost": 15.10,
                                              "Plan Rows": 510,
                                              "Plan Width": 122,
                                              "Actual Startup Time": 0.004,
                                              "Actual Total Time": 0.005,
                                              "Actual Rows": 30,
                                              "Actual Loops": 1
                                            },
                                            {
                                              "Node Type": "Hash",
                                              "Parent Relationship": "Inner",
                                              "Parallel Aware": false,
                                              "Async Capable": false,
                                              "Startup Cost": 1.03,
                                              "Total Cost": 1.03,
                                              "Plan Rows": 1,
                                              "Plan Width": 8,
                                              "Actual Startup Time": 0.005,
                                              "Actual Total Time": 0.005,
                                              "Actual Rows": 1,
                                              "Actual Loops": 1,
                                              "Hash Buckets": 1024,
                                              "Original Hash Buckets": 1024,
                                              "Hash Batches": 1,
                                              "Original Hash Batches": 1,
                                              "Peak Memory Usage": 9,
                                              "Plans": [
                                                {
                                                  "Node Type": "Seq Scan",
                                                  "Parent Relationship": "Outer",
                                                  "Parallel Aware": false,
                                                  "Async Capable": false,
                                                  "Relation Name": "sede",
                                                  "Alias": "sede_1",
                                                  "Startup Cost": 0.00,
                                                  "Total Cost": 1.03,
                                                  "Plan Rows": 1,
                                                  "Plan Width": 8,
                                                  "Actual Startup Time": 0.002,
                                                  "Actual Total Time": 0.002,
                                                  "Actual Rows": 1,
                                                  "Actual Loops": 1,
                                                  "Filter": "((construccion_fecha >= '1900-01-01'::date) AND (construccion_fecha <= '2000-12-31'::date))",
                                                  "Rows Removed by Filter": 1
                                                }
                                              ]
                                            }
                                          ]
                                        }
                                      ]
                                    }
                                  ]
                                },
                                {
                                  "Node Type": "Aggregate",
                                  "Strategy": "Plain",
                                  "Partial Mode": "Simple",
                                  "Parent Relationship": "SubPlan",
                                  "Subplan Name": "SubPlan 1",
                                  "Parallel Aware": false,
                                  "Async Capable": false,
                                  "Startup Cost": 9.75,
                                  "Total Cost": 9.76,
                                  "Plan Rows": 1,
                                  "Plan Width": 8,
                                  "Actual Startup Time": 0.064,
                                  "Actual Total Time": 0.064,
                                  "Actual Rows": 1,
                                  "Actual Loops": 2,
                                  "Plans": [
                                    {
                                      "Node Type": "Seq Scan",
                                      "Parent Relationship": "Outer",
                                      "Parallel Aware": false,
                                      "Async Capable": false,
                                      "Relation Name": "matricula",
                                      "Alias": "matricula",
                                      "Startup Cost": 0.00,
                                      "Total Cost": 9.75,
                                      "Plan Rows": 1,
                                      "Plan Width": 9,
                                      "Actual Startup Time": 0.049,
                                      "Actual Total Time": 0.063,
                                      "Actual Rows": 1,
                                      "Actual Loops": 2,
                                      "Filter": "((sede_id = sede_1.id) AND ((year)::numeric = EXTRACT(year FROM CURRENT_DATE)))",
                                      "Rows Removed by Filter": 299
                                    }
                                  ]
                                }
                              ]
                            }
                          ]
                        }
                      ]
                    }
                  ]
                }
              ]
            }
          ]
        },
        {
          "Node Type": "Index Scan",
          "Parent Relationship": "Inner",
          "Parallel Aware": false,
          "Async Capable": false,
          "Scan Direction": "Forward",
          "Index Name": "persona_pkey",
          "Relation Name": "persona",
          "Alias": "persona",
          "Startup Cost": 0.28,
          "Total Cost": 1.05,
          "Plan Rows": 1,
          "Plan Width": 59,
          "Actual Startup Time": 0.000,
          "Actual Total Time": 0.000,
          "Actual Rows": 0,
          "Actual Loops": 0,
          "Index Cond": "(dni = colaborador.dni)",
          "Rows Removed by Index Recheck": 0
        }
      ]
    },
    "Planning Time": 1.284,
    "Triggers": [
    ],
    "Execution Time": 0.404
  }
]
  }
]