Nested Loop Left Join  (cost=32.35..2119.92 rows=216 width=83) (actual time=0.369..0.372 rows=0 loops=1)
  ->  Hash Join  (cost=32.20..468.83 rows=17 width=92) (actual time=0.368..0.370 rows=0 loops=1)
        Hash Cond: (colaborador.dni = persona.dni)
        ->  Seq Scan on colaborador  (cost=0.00..436.50 rows=50 width=42) (actual time=0.368..0.369 rows=0 loops=1)
              Filter: (esta_activo AND (SubPlan 3))
              Rows Removed by Filter: 100
              SubPlan 3
                ->  Nested Loop  (cost=0.00..4.33 rows=1 width=0) (actual time=0.003..0.003 rows=0 loops=100)
                      ->  Seq Scan on sede sede_2  (cost=0.00..1.07 rows=1 width=0) (actual time=0.003..0.003 rows=0 loops=100)
                            Filter: (((EXTRACT(year FROM CURRENT_DATE) - EXTRACT(year FROM construccion_fecha)) > '0'::numeric) AND (((EXTRACT(year FROM CURRENT_DATE) - EXTRACT(year FROM construccion_fecha)) % '10'::numeric) = '0'::numeric))
                            Rows Removed by Filter: 2
                      ->  Seq Scan on colaborador c_1  (cost=0.00..3.25 rows=1 width=0) (never executed)
                            Filter: (dni = colaborador.dni)
        ->  Hash  (cost=28.00..28.00 rows=336 width=59) (never executed)
              ->  Seq Scan on persona  (cost=0.00..28.00 rows=336 width=59) (never executed)
                    Filter: ((nacimiento_fecha >= '1960-01-01'::date) AND (nacimiento_fecha <= '1980-12-31'::date))
  ->  Index Only Scan using profesor_pkey on profesor  (cost=0.15..1.13 rows=1 width=36) (never executed)
        Index Cond: (dni = colaborador.dni)
        Heap Fetches: 0
  SubPlan 1
    ->  Aggregate  (cost=3.15..3.16 rows=1 width=8) (never executed)
          ->  Nested Loop  (cost=0.00..3.15 rows=1 width=4) (never executed)
                Join Filter: (sede.id = profesor_sede.sede_id)
                ->  Seq Scan on sede  (cost=0.00..1.07 rows=1 width=4) (never executed)
                      Filter: (((EXTRACT(year FROM CURRENT_DATE) - EXTRACT(year FROM construccion_fecha)) > '0'::numeric) AND (((EXTRACT(year FROM CURRENT_DATE) - EXTRACT(year FROM construccion_fecha)) % '10'::numeric) = '0'::numeric))
                ->  Seq Scan on profesor_sede  (cost=0.00..2.05 rows=2 width=4) (never executed)
                      Filter: (profesor_dni = profesor.dni)
  SubPlan 2
    ->  Aggregate  (cost=4.34..4.35 rows=1 width=4) (never executed)
          ->  Nested Loop  (cost=0.00..4.33 rows=1 width=4) (never executed)
                ->  Seq Scan on sede sede_1  (cost=0.00..1.07 rows=1 width=4) (never executed)
                      Filter: (((EXTRACT(year FROM CURRENT_DATE) - EXTRACT(year FROM construccion_fecha)) > '0'::numeric) AND (((EXTRACT(year FROM CURRENT_DATE) - EXTRACT(year FROM construccion_fecha)) % '10'::numeric) = '0'::numeric))
                ->  Seq Scan on colaborador c  (cost=0.00..3.25 rows=1 width=0) (never executed)
                      Filter: (dni = colaborador.dni)
Planning Time: 1.041 ms
Execution Time: 0.483 ms
