Nested Loop Left Join  (cost=20000000000.00..131700005665926.02 rows=1584 width=84) (actual time=389.204..47239.921 rows=3149 loops=1)
  Join Filter: (colaborador.dni = profesor.dni)
  Rows Removed by Join Filter: 11738400
  ->  Nested Loop  (cost=10000000000.00..100010004873669.19 rows=1584 width=93) (actual time=384.904..35575.815 rows=3149 loops=1)
        Join Filter: (colaborador.dni = persona.dni)
        Rows Removed by Join Filter: 221838633
        ->  Seq Scan on colaborador  (cost=0.00..100000002495314.00 rows=5000 width=42) (actual time=384.892..3049.835 rows=10000 loops=1)
              Filter: (esta_activo AND (SubPlan 3))
              SubPlan 3
                ->  Nested Loop  (cost=10000000000.00..10000000249.51 rows=1 width=0) (actual time=0.259..0.259 rows=1 loops=10000)
                      ->  Seq Scan on sede sede_2  (cost=0.00..10.50 rows=1 width=0) (actual time=0.012..0.012 rows=1 loops=10000)
                            Filter: (((EXTRACT(year FROM CURRENT_DATE) - EXTRACT(year FROM construccion_fecha)) > '0'::numeric) AND (((EXTRACT(year FROM CURRENT_DATE) - EXTRACT(year FROM construccion_fecha)) % '10'::numeric) = '0'::numeric))
                            Rows Removed by Filter: 7
                      ->  Seq Scan on colaborador c_1  (cost=0.00..239.00 rows=1 width=0) (actual time=0.245..0.245 rows=1 loops=10000)
                            Filter: (dni = colaborador.dni)
                            Rows Removed by Filter: 5000
        ->  Materialize  (cost=0.00..2884.37 rows=31674 width=60) (actual time=0.003..1.753 rows=22184 loops=10000)
              ->  Seq Scan on persona  (cost=0.00..2726.00 rows=31674 width=60) (actual time=0.006..6.836 rows=31657 loops=1)
                    Filter: ((nacimiento_fecha >= '1960-01-01'::date) AND (nacimiento_fecha <= '1980-12-31'::date))
                    Rows Removed by Filter: 68343
  ->  Materialize  (cost=0.00..103.00 rows=5000 width=9) (actual time=0.001..0.138 rows=3728 loops=3149)
        ->  Seq Scan on profesor  (cost=0.00..78.00 rows=5000 width=9) (actual time=0.003..0.227 rows=5000 loops=1)
  SubPlan 1
    ->  Aggregate  (cost=10000000175.53..10000000175.54 rows=1 width=8) (actual time=3.173..3.174 rows=1 loops=1579)
          ->  Nested Loop  (cost=10000000000.00..10000000175.52 rows=1 width=4) (actual time=3.067..3.169 rows=0 loops=1579)
                Join Filter: (sede.id = profesor_sede.sede_id)
                Rows Removed by Join Filter: 15
                ->  Seq Scan on sede  (cost=0.00..10.50 rows=1 width=4) (actual time=0.008..0.118 rows=8 loops=1579)
                      Filter: (((EXTRACT(year FROM CURRENT_DATE) - EXTRACT(year FROM construccion_fecha)) > '0'::numeric) AND (((EXTRACT(year FROM CURRENT_DATE) - EXTRACT(year FROM construccion_fecha)) % '10'::numeric) = '0'::numeric))
                      Rows Removed by Filter: 192
                ->  Seq Scan on profesor_sede  (cost=0.00..165.00 rows=2 width=4) (actual time=0.176..0.380 rows=2 loops=12632)
                      Filter: (profesor_dni = profesor.dni)
                      Rows Removed by Filter: 9157
  SubPlan 2
    ->  Aggregate  (cost=10000000249.51..10000000249.52 rows=1 width=4) (actual time=3.555..3.556 rows=1 loops=1570)
          ->  Nested Loop  (cost=10000000000.00..10000000249.51 rows=1 width=4) (actual time=0.262..3.548 rows=8 loops=1570)
                ->  Seq Scan on sede sede_1  (cost=0.00..10.50 rows=1 width=4) (actual time=0.008..0.117 rows=8 loops=1570)
                      Filter: (((EXTRACT(year FROM CURRENT_DATE) - EXTRACT(year FROM construccion_fecha)) > '0'::numeric) AND (((EXTRACT(year FROM CURRENT_DATE) - EXTRACT(year FROM construccion_fecha)) % '10'::numeric) = '0'::numeric))
                      Rows Removed by Filter: 192
                ->  Seq Scan on colaborador c  (cost=0.00..239.00 rows=1 width=0) (actual time=0.237..0.428 rows=1 loops=12560)
                      Filter: (dni = colaborador.dni)
                      Rows Removed by Filter: 9999
Planning Time: 0.521 ms
JIT:
  Functions: 45
"  Options: Inlining true, Optimization true, Expressions true, Deforming true"
"  Timing: Generation 2.829 ms, Inlining 46.358 ms, Optimization 197.602 ms, Emission 140.962 ms, Total 387.751 ms"
Execution Time: 47245.607 ms
