Limit  (cost=40000000069.96..40000000069.97 rows=1 width=600) (actual time=190.248..190.250 rows=1 loops=1)
  ->  Sort  (cost=40000000069.96..40000000069.97 rows=1 width=600) (actual time=0.120..0.122 rows=1 loops=1)
        Sort Key: sede.construccion_fecha
        Sort Method: quicksort  Memory: 25kB
        ->  Nested Loop  (cost=30000000000.00..30000000069.95 rows=1 width=600) (actual time=0.105..0.107 rows=1 loops=1)
              Join Filter: (director.dni = d_persona.dni)
              Rows Removed by Join Filter: 1
              ->  Nested Loop  (cost=20000000000.00..20000000034.44 rows=1 width=591) (actual time=0.098..0.100 rows=1 loops=1)
                    Join Filter: (director.dni = d_colaborador.dni)
                    Rows Removed by Join Filter: 1
                    ->  Nested Loop  (cost=10000000000.00..10000000030.19 rows=1 width=572) (actual time=0.091..0.093 rows=1 loops=1)
                          Join Filter: (director.sede_id = sede.id)
                          Rows Removed by Join Filter: 1
                          ->  Seq Scan on director  (cost=0.00..1.02 rows=2 width=40) (actual time=0.012..0.013 rows=2 loops=1)
                          ->  Materialize  (cost=0.00..29.14 rows=1 width=540) (actual time=0.037..0.037 rows=1 loops=2)
                                ->  Seq Scan on sede  (cost=0.00..29.14 rows=1 width=540) (actual time=0.072..0.073 rows=1 loops=1)
                                      Filter: ((construccion_fecha >= '1920-01-01'::date) AND (construccion_fecha <= '2010-12-31'::date) AND (((SubPlan 1) + (SubPlan 2)) <= 400))
                                      Rows Removed by Filter: 1
                                      SubPlan 1
                                        ->  Aggregate  (cost=2.15..2.16 rows=1 width=8) (actual time=0.013..0.013 rows=1 loops=1)
                                              ->  Seq Scan on profesor_sede  (cost=0.00..2.05 rows=42 width=0) (actual time=0.004..0.008 rows=39 loops=1)
                                                    Filter: (sede_id = sede.id)
                                                    Rows Removed by Filter: 45
                                      SubPlan 2
                                        ->  Aggregate  (cost=11.88..11.88 rows=1 width=8) (actual time=0.045..0.045 rows=1 loops=1)
                                              ->  Seq Scan on alumno  (cost=0.00..11.25 rows=250 width=0) (actual time=0.004..0.034 rows=305 loops=1)
                                                    Filter: (salon_sede_id = sede.id)
                                                    Rows Removed by Filter: 195
                    ->  Seq Scan on colaborador d_colaborador  (cost=0.00..3.00 rows=100 width=19) (actual time=0.002..0.002 rows=2 loops=1)
              ->  Seq Scan on persona d_persona  (cost=0.00..23.00 rows=1000 width=59) (actual time=0.002..0.002 rows=2 loops=1)
Planning Time: 0.735 ms
JIT:
  Functions: 31
"  Options: Inlining true, Optimization true, Expressions true, Deforming true"
"  Timing: Generation 1.670 ms, Inlining 14.921 ms, Optimization 107.488 ms, Emission 67.725 ms, Total 191.804 ms"
Execution Time: 192.028 ms
