Limit  (cost=2357.29..2357.30 rows=1 width=600) (actual time=5.001..5.006 rows=10 loops=1)
  ->  Sort  (cost=2357.29..2357.30 rows=1 width=600) (actual time=5.000..5.004 rows=10 loops=1)
        Sort Key: sede.construccion_fecha
        Sort Method: quicksort  Memory: 27kB
        ->  Nested Loop  (cost=0.56..2357.28 rows=1 width=600) (actual time=0.436..4.990 rows=10 loops=1)
              Join Filter: (director.dni = d_persona.dni)
              ->  Nested Loop  (cost=0.28..2356.30 rows=1 width=591) (actual time=0.426..4.926 rows=10 loops=1)
                    ->  Nested Loop  (cost=0.00..2352.60 rows=1 width=572) (actual time=0.418..4.863 rows=10 loops=1)
                          Join Filter: (director.sede_id = sede.id)
                          Rows Removed by Join Filter: 94
                          ->  Seq Scan on sede  (cost=0.00..2351.15 rows=1 width=540) (actual time=0.414..4.834 rows=10 loops=1)
                                Filter: ((construccion_fecha >= '1990-01-01'::date) AND (construccion_fecha <= '2010-12-31'::date) AND (((SubPlan 1) + (SubPlan 2)) <= 400))
                                Rows Removed by Filter: 10
                                SubPlan 1
                                  ->  Aggregate  (cost=13.34..13.35 rows=1 width=8) (actual time=0.052..0.052 rows=1 loops=12)
                                        ->  Seq Scan on profesor_sede  (cost=0.00..13.25 rows=37 width=0) (actual time=0.003..0.049 rows=38 loops=12)
                                              Filter: (sede_id = sede.id)
                                              Rows Removed by Filter: 702
                                SubPlan 2
                                  ->  Aggregate  (cost=104.12..104.14 rows=1 width=8) (actual time=0.349..0.349 rows=1 loops=12)
                                        ->  Seq Scan on alumno  (cost=0.00..103.50 rows=250 width=0) (actual time=0.002..0.337 rows=268 loops=12)
                                              Filter: (salon_sede_id = sede.id)
                                              Rows Removed by Filter: 4732
                          ->  Seq Scan on director  (cost=0.00..1.20 rows=20 width=40) (actual time=0.001..0.001 rows=10 loops=10)
                    ->  Index Scan using colaborador_pkey on colaborador d_colaborador  (cost=0.28..3.69 rows=1 width=19) (actual time=0.005..0.005 rows=1 loops=10)
                          Index Cond: (dni = director.dni)
              ->  Index Scan using persona_pkey on persona d_persona  (cost=0.29..0.96 rows=1 width=59) (actual time=0.005..0.005 rows=1 loops=10)
                    Index Cond: (dni = d_colaborador.dni)
Planning Time: 0.754 ms
Execution Time: 5.048 ms
