Limit  (cost=40000303165.09..40000303165.14 rows=20 width=129) (actual time=1528.882..1528.890 rows=20 loops=1)
  ->  Sort  (cost=40000303165.09..40000303165.18 rows=37 width=129) (actual time=1271.565..1271.571 rows=20 loops=1)
        Sort Key: sede.construccion_fecha
        Sort Method: top-N heapsort  Memory: 33kB
        ->  Nested Loop  (cost=30000000000.00..30000303164.12 rows=37 width=129) (actual time=2.167..1271.521 rows=107 loops=1)
              Join Filter: (director.dni = d_persona.dni)
              Rows Removed by Join Filter: 10699893
              ->  Seq Scan on persona d_persona  (cost=0.00..2226.00 rows=100000 width=60) (actual time=0.021..8.915 rows=100000 loops=1)
              ->  Materialize  (cost=20000000000.00..20000245437.84 rows=37 width=92) (actual time=0.000..0.007 rows=107 loops=100000)
                    ->  Nested Loop  (cost=20000000000.00..20000245437.66 rows=37 width=92) (actual time=2.139..329.917 rows=107 loops=1)
                          Join Filter: (director.dni = d_colaborador.dni)
                          Rows Removed by Join Filter: 1069893
                          ->  Seq Scan on colaborador d_colaborador  (cost=0.00..214.00 rows=10000 width=19) (actual time=0.002..0.699 rows=10000 loops=1)
                          ->  Materialize  (cost=10000000000.00..10000239673.75 rows=37 width=73) (actual time=0.000..0.028 rows=107 loops=10000)
                                ->  Nested Loop  (cost=10000000000.00..10000239673.57 rows=37 width=73) (actual time=2.131..243.657 rows=107 loops=1)
                                      Join Filter: (director.sede_id = sede.id)
                                      Rows Removed by Join Filter: 15622
                                      ->  Seq Scan on director  (cost=0.00..4.00 rows=200 width=13) (actual time=0.004..0.021 rows=200 loops=1)
                                      ->  Materialize  (cost=0.00..239559.18 rows=37 width=68) (actual time=0.011..1.215 rows=79 loops=200)
                                            ->  Seq Scan on sede  (cost=0.00..239559.00 rows=37 width=68) (actual time=2.121..241.820 rows=107 loops=1)
                                                  Filter: ((construccion_fecha >= '1920-01-01'::date) AND (construccion_fecha <= '2010-12-31'::date) AND (((SubPlan 1) + (SubPlan 2)) <= 400))
                                                  Rows Removed by Filter: 93
                                                  SubPlan 1
                                                    ->  Aggregate  (cost=165.12..165.12 rows=1 width=8) (actual time=0.323..0.323 rows=1 loops=111)
                                                          ->  Seq Scan on profesor_sede  (cost=0.00..165.00 rows=46 width=0) (actual time=0.008..0.317 rows=46 loops=111)
                                                                Filter: (sede_id = sede.id)
                                                                Rows Removed by Filter: 9154
                                                  SubPlan 2
                                                    ->  Aggregate  (cost=1032.62..1032.63 rows=1 width=8) (actual time=1.850..1.850 rows=1 loops=111)
                                                          ->  Seq Scan on alumno  (cost=0.00..1032.00 rows=250 width=0) (actual time=0.007..1.837 rows=245 loops=111)
                                                                Filter: (salon_sede_id = sede.id)
                                                                Rows Removed by Filter: 49755
Planning Time: 0.577 ms
JIT:
  Functions: 35
"  Options: Inlining true, Optimization true, Expressions true, Deforming true"
"  Timing: Generation 1.430 ms, Inlining 19.021 ms, Optimization 138.416 ms, Emission 99.900 ms, Total 258.767 ms"
Execution Time: 1530.447 ms
