Nested Loop  (cost=40001019568.90..40001070386.82 rows=1974 width=53) (actual time=907.009..907.013 rows=0 loops=1)
  Join Filter: (persona.dni = alumno.dni)
  ->  HashAggregate  (cost=30001019568.90..30001019570.57 rows=167 width=18) (actual time=907.008..907.012 rows=0 loops=1)
        Group Key: alumno.dni
        Batches: 1  Memory Usage: 40kB
        ->  Nested Loop  (cost=30000000950.00..30001019568.48 rows=167 width=18) (actual time=907.005..907.009 rows=0 loops=1)
              Join Filter: (alumno.dni = matricula.alumno_dni)
              ->  HashAggregate  (cost=950.00..1044.06 rows=9406 width=9) (actual time=327.976..330.473 rows=22021 loops=1)
                    Group Key: matricula.alumno_dni
                    Batches: 1  Memory Usage: 1809kB
                    ->  Seq Scan on matricula  (cost=0.00..925.00 rows=10000 width=9) (actual time=316.265..322.372 rows=29006 loops=1)
                          Filter: ((year)::numeric <= (EXTRACT(year FROM CURRENT_DATE) - '2'::numeric))
                          Rows Removed by Filter: 994
              ->  Materialize  (cost=20000000000.00..20000900998.53 rows=833 width=9) (actual time=0.026..0.026 rows=0 loops=22021)
                    ->  Nested Loop Semi Join  (cost=20000000000.00..20000900994.37 rows=833 width=9) (actual time=574.401..574.403 rows=0 loops=1)
                          Join Filter: (apoderado.dni = alumno.apoderado_dni)
                          ->  Seq Scan on alumno  (cost=0.00..907.00 rows=50000 width=18) (actual time=0.009..3.269 rows=50000 loops=1)
                          ->  Materialize  (cost=10000000000.00..10000400589.03 rows=666 width=18) (actual time=0.011..0.011 rows=0 loops=50000)
                                ->  Nested Loop  (cost=10000000000.00..10000400585.70 rows=666 width=18) (actual time=565.104..565.105 rows=0 loops=1)
                                      Join Filter: (apoderado.dni = colaborador.dni)
                                      Rows Removed by Join Filter: 6960000
                                      ->  Seq Scan on apoderado  (cost=0.00..655.00 rows=40000 width=9) (actual time=0.003..2.939 rows=40000 loops=1)
                                      ->  Materialize  (cost=0.00..342.33 rows=666 width=9) (actual time=0.000..0.006 rows=174 loops=40000)
                                            ->  Seq Scan on colaborador  (cost=0.00..339.00 rows=666 width=9) (actual time=0.007..0.612 rows=174 loops=1)
                                                  Filter: (esta_activo AND (horas_semanales_trabajo > 48) AND (((sueldo_hora * (horas_semanales_trabajo)::double precision) * '4'::double precision) < '2000'::double precision))
                                                  Rows Removed by Filter: 9826
  ->  Materialize  (cost=0.00..3074.68 rows=19736 width=62) (never executed)
        ->  Seq Scan on persona  (cost=0.00..2976.00 rows=19736 width=62) (never executed)
              Filter: (nacimiento_fecha > (CURRENT_DATE - '18 years'::interval))
Planning Time: 0.438 ms
JIT:
  Functions: 40
"  Options: Inlining true, Optimization true, Expressions true, Deforming true"
"  Timing: Generation 2.331 ms, Inlining 27.751 ms, Optimization 185.709 ms, Emission 102.796 ms, Total 318.587 ms"
Execution Time: 909.574 ms
