Nested Loop  (cost=311.69..319.53 rows=4 width=52) (actual time=1.764..1.767 rows=0 loops=1)
  ->  HashAggregate  (cost=311.41..311.59 rows=18 width=18) (actual time=1.764..1.766 rows=0 loops=1)
        Group Key: alumno.dni
        Batches: 1  Memory Usage: 24kB
        ->  Hash Semi Join  (cost=205.76..311.36 rows=18 width=18) (actual time=1.762..1.764 rows=0 loops=1)
              Hash Cond: (alumno.dni = matricula.alumno_dni)
              ->  Hash Semi Join  (cost=100.76..205.86 rows=88 width=9) (actual time=0.517..0.518 rows=0 loops=1)
                    Hash Cond: (alumno.apoderado_dni = apoderado.dni)
                    ->  Seq Scan on alumno  (cost=0.00..91.00 rows=5000 width=18) (actual time=0.003..0.004 rows=1 loops=1)
                    ->  Hash  (cost=99.88..99.88 rows=70 width=18) (actual time=0.510..0.511 rows=0 loops=1)
                          Buckets: 1024  Batches: 1  Memory Usage: 8kB
                          ->  Hash Join  (cost=23.37..99.88 rows=70 width=18) (actual time=0.510..0.511 rows=0 loops=1)
                                Hash Cond: (apoderado.dni = colaborador.dni)
                                ->  Seq Scan on apoderado  (cost=0.00..66.00 rows=4000 width=9) (actual time=0.002..0.206 rows=4000 loops=1)
                                ->  Hash  (cost=22.50..22.50 rows=70 width=9) (actual time=0.062..0.062 rows=25 loops=1)
                                      Buckets: 1024  Batches: 1  Memory Usage: 10kB
                                      ->  Bitmap Heap Scan on colaborador  (cost=5.75..22.50 rows=70 width=9) (actual time=0.020..0.058 rows=25 loops=1)
                                            Recheck Cond: (horas_semanales_trabajo > 48)
                                            Filter: (esta_activo AND (((sueldo_hora * (horas_semanales_trabajo)::double precision) * '4'::double precision) < '2000'::double precision))
                                            Rows Removed by Filter: 186
                                            Heap Blocks: exact=12
                                            ->  Bitmap Index Scan on idx_horas_semanales_trabajo  (cost=0.00..5.73 rows=211 width=0) (actual time=0.013..0.013 rows=211 loops=1)
                                                  Index Cond: (horas_semanales_trabajo > 48)
              ->  Hash  (cost=92.50..92.50 rows=1000 width=9) (actual time=1.242..1.243 rows=2904 loops=1)
                    Buckets: 4096 (originally 1024)  Batches: 1 (originally 1)  Memory Usage: 149kB
                    ->  Seq Scan on matricula  (cost=0.00..92.50 rows=1000 width=9) (actual time=0.008..0.800 rows=2904 loops=1)
                          Filter: ((year)::numeric <= (EXTRACT(year FROM CURRENT_DATE) - '2'::numeric))
                          Rows Removed by Filter: 96
  ->  Index Scan using persona_pkey on persona  (cost=0.29..0.44 rows=1 width=61) (never executed)
        Index Cond: (dni = alumno.dni)
        Filter: (nacimiento_fecha > (CURRENT_DATE - '18 years'::interval))
Planning Time: 0.671 ms
Execution Time: 1.812 ms
