Nested Loop Semi Join  (cost=40000009500.00..40104937667.17 rows=19345 width=54) (actual time=57133.059..57133.065 rows=0 loops=1)
  Join Filter: (persona.dni = alumno.dni)
  ->  Seq Scan on persona  (cost=0.00..29891.00 rows=193454 width=63) (actual time=264.085..358.022 rows=196382 loops=1)
        Filter: (nacimiento_fecha > (CURRENT_DATE - '18 years'::interval))
        Rows Removed by Filter: 803618
  ->  Materialize  (cost=30000009500.00..30100128499.21 rows=1647 width=18) (actual time=0.289..0.289 rows=0 loops=196382)
        ->  Nested Loop  (cost=30000009500.00..30100128490.98 rows=1647 width=18) (actual time=56754.226..56754.230 rows=0 loops=1)
              Join Filter: (alumno.dni = matricula.alumno_dni)
              ->  HashAggregate  (cost=9500.00..10402.35 rows=90235 width=9) (actual time=145.599..224.686 rows=220342 loops=1)
                    Group Key: matricula.alumno_dni
                    Batches: 5  Memory Usage: 10289kB  Disk Usage: 6968kB
                    ->  Seq Scan on matricula  (cost=0.00..9250.00 rows=100000 width=9) (actual time=0.030..59.611 rows=290789 loops=1)
                          Filter: ((year)::numeric <= (EXTRACT(year FROM CURRENT_DATE) - '2'::numeric))
                          Rows Removed by Filter: 9211
              ->  Materialize  (cost=20000000000.00..20088970477.32 rows=8236 width=9) (actual time=0.256..0.256 rows=0 loops=220342)
                    ->  Nested Loop Semi Join  (cost=20000000000.00..20088970436.14 rows=8236 width=9) (actual time=56504.304..56504.306 rows=0 loops=1)
                          Join Filter: (apoderado.dni = alumno.apoderado_dni)
                          ->  Seq Scan on alumno  (cost=0.00..9067.00 rows=500000 width=18) (actual time=0.007..23.249 rows=500000 loops=1)
                          ->  Materialize  (cost=10000000000.00..10039543885.61 rows=6589 width=18) (actual time=0.113..0.113 rows=0 loops=500000)
                                ->  Nested Loop  (cost=10000000000.00..10039543852.67 rows=6589 width=18) (actual time=56433.718..56433.719 rows=0 loops=1)
                                      Join Filter: (apoderado.dni = colaborador.dni)
                                      Rows Removed by Join Filter: 725600000
                                      ->  Seq Scan on apoderado  (cost=0.00..6548.00 rows=400000 width=9) (actual time=0.004..72.341 rows=400000 loops=1)
                                      ->  Materialize  (cost=0.00..3419.95 rows=6589 width=9) (actual time=0.000..0.058 rows=1814 loops=400000)
                                            ->  Seq Scan on colaborador  (cost=0.00..3387.00 rows=6589 width=9) (actual time=0.007..3.882 rows=1814 loops=1)
                                                  Filter: (esta_activo AND (horas_semanales_trabajo > 48) AND (((sueldo_hora * (horas_semanales_trabajo)::double precision) * '4'::double precision) < '2000'::double precision))
                                                  Rows Removed by Filter: 98186
Planning Time: 0.477 ms
JIT:
  Functions: 36
"  Options: Inlining true, Optimization true, Expressions true, Deforming true"
"  Timing: Generation 2.165 ms, Inlining 45.444 ms, Optimization 149.912 ms, Emission 76.131 ms, Total 273.652 ms"
Execution Time: 57136.121 ms
